<?xml version="1.0" encoding="UTF-8"?>
<!-- Generated by org.testng.reporters.JUnitReportReporter -->
<testsuite hostname="Wilfy_Ausus" failures="0" tests="1" name="TestRunner.TestRunner" time="10.130" errors="0" timestamp="2024-09-28T22:34:15 IST" skipped="0">
  <testcase classname="TestRunner.TestRunner" name="runScenario" time="10.130"/>
</testsuite> <!-- TestRunner.TestRunner -->
